<?xml version="1.0" encoding="UTF-8"?>
<Site BuildName="Win32-mingw32-make"
	BuildStamp="20231012-1808-Experimental"
	Name="MaxLaptop"
	Generator="ctest-3.27.2"
	CompilerName="C:/msys64/mingw64/bin/g++.exe"
	CompilerVersion="13.1.0"
	OSName="Windows"
	Hostname="MaxLaptop"
	OSRelease=" Personal"
	OSVersion=" (Build 19045)"
	OSPlatform="AMD64"
	Is64Bits="1"
	VendorString="GenuineIntel"
	VendorID="Intel Corporation"
	FamilyID="6"
	ModelID="14"
	ProcessorCacheSize="-1"
	NumberOfLogicalCPU="8"
	NumberOfPhysicalCPU="4"
	TotalVirtualMemory="15436"
	TotalPhysicalMemory="8012"
	LogicalProcessorsPerPhysical="2"
	ProcessorClockFrequency="1992"
	>
	<Testing>
		<StartDateTime>Oct 12 20:08 South Africa Standard Time</StartDateTime>
		<StartTestTime>1697134129</StartTestTime>
		<TestList/>
		<EndDateTime>Oct 12 20:08 South Africa Standard Time</EndDateTime>
		<EndTestTime>1697134129</EndTestTime>
		<ElapsedMinutes>0</ElapsedMinutes>
	</Testing>
</Site>
